<?xml version="1.0" encoding="UTF-8"?>
<testsuite xmlns:xsi="http://www.w3.org/2001/XMLSchema-instance" xsi:noNamespaceSchemaLocation="https://maven.apache.org/surefire/maven-surefire-plugin/xsd/surefire-test-report-3.0.xsd" version="3.0" name="com.example.demo.RewardControllerTest" time="1.88" tests="2" errors="0" skipped="0" failures="0">
  <properties>
[...]
</properties>
  <testcase name="testCalculateRewardsAPI" classname="com.example.demo.RewardControllerTest" time="0.547">
    <system-out><![CDATA[2025-05-14T02:26:06.232-07:00  INFO 11428 --- [rewards_demo] [           main] t.c.s.AnnotationConfigContextLoaderUtils : Could not detect default configuration classes for test class [com.example.demo.RewardControllerTest]: RewardControllerTest does not declare any static, non-private, non-final, nested classes annotated with @Configuration.
2025-05-14T02:26:06.299-07:00  INFO 11428 --- [rewards_demo] [           main] .b.t.c.SpringBootTestContextBootstrapper : Found @SpringBootConfiguration com.example.demo.DemoApplication for test class com.example.demo.RewardControllerTest

  .   ____          _            __ _ _
 /\\ / ___'_ __ _ _(_)_ __  __ _ \ \ \ \
( ( )\___ | '_ | '_| | '_ \/ _` | \ \ \ \
 \\/  ___)| |_)| | | | | || (_| |  ) ) ) )
  '  |____| .__|_| |_|_| |_\__, | / / / /
 =========|_|==============|___/=/_/_/_/
 :: Spring Boot ::                (v3.2.5)

2025-05-14T02:26:06.564-07:00  INFO 11428 --- [rewards_demo] [           main] com.example.demo.RewardControllerTest    : Starting RewardControllerTest using Java 21.0.6 with PID 11428 (started by Shree in D:\demo_1\demo)
2025-05-14T02:26:06.566-07:00  INFO 11428 --- [rewards_demo] [           main] com.example.demo.RewardControllerTest    : The following 1 profile is active: "dev-secured"
2025-05-14T02:26:07.476-07:00  INFO 11428 --- [rewards_demo] [           main] o.s.b.t.m.w.SpringBootMockServletContext : Initializing Spring TestDispatcherServlet ''
2025-05-14T02:26:07.476-07:00  INFO 11428 --- [rewards_demo] [           main] o.s.t.web.servlet.TestDispatcherServlet  : Initializing Servlet ''
2025-05-14T02:26:07.481-07:00  INFO 11428 --- [rewards_demo] [           main] o.s.t.web.servlet.TestDispatcherServlet  : Completed initialization in 1 ms
2025-05-14T02:26:07.501-07:00  INFO 11428 --- [rewards_demo] [           main] com.example.demo.RewardControllerTest    : Started RewardControllerTest in 1.182 seconds (process running for 10.895)
2025-05-14T02:26:07.847-07:00  INFO 11428 --- [rewards_demo] [           main] c.example.controller.RewardController    : Received request to calculate rewards for 3 transaction(s)
2025-05-14T02:26:07.849-07:00  INFO 11428 --- [rewards_demo] [           main] com.example.service.RewardService        : Calculating rewards for 3 transaction(s)
2025-05-14T02:26:07.853-07:00  INFO 11428 --- [rewards_demo] [           main] com.example.service.RewardService        : Customer c1 earned a total of 115 point(s)
2025-05-14T02:26:07.853-07:00  INFO 11428 --- [rewards_demo] [           main] com.example.service.RewardService        : Customer c2 earned a total of 250 point(s)
2025-05-14T02:26:07.854-07:00  INFO 11428 --- [rewards_demo] [           main] com.example.service.RewardService        : Reward calculation complete for all customers.
2025-05-14T02:26:07.854-07:00  INFO 11428 --- [rewards_demo] [           main] c.example.controller.RewardController    : Successfully calculated rewards for 2 customer(s)
]]></system-out>
  </testcase>
  <testcase name="testInvalidAmountAPI" classname="com.example.demo.RewardControllerTest" time="0.019">
    <system-out><![CDATA[2025-05-14T02:26:08.077-07:00  INFO 11428 --- [rewards_demo] [           main] c.example.controller.RewardController    : Received request to calculate rewards for 1 transaction(s)
2025-05-14T02:26:08.077-07:00  INFO 11428 --- [rewards_demo] [           main] com.example.service.RewardService        : Calculating rewards for 1 transaction(s)
2025-05-14T02:26:08.078-07:00 ERROR 11428 --- [rewards_demo] [           main] com.example.service.RewardService        : Negative amount in transaction: com.example.model.Transaction@6068ebb2
]]></system-out>
  </testcase>
</testsuite>